INFO [2022-07-14 14:11:49] $x
INFO [2022-07-14 14:11:49] list(panYeast_33 = met_aybraham, panYeast343 = met_yeast343)
INFO [2022-07-14 14:11:49] 
INFO [2022-07-14 14:11:49] $filename
INFO [2022-07-14 14:11:49] [1] "result/met comparison of different panYeast.png"
INFO [2022-07-14 14:11:49] 
INFO [2022-07-14 14:11:49] $height
INFO [2022-07-14 14:11:49] [1] 1000
INFO [2022-07-14 14:11:49] 
INFO [2022-07-14 14:11:49] $width
INFO [2022-07-14 14:11:49] [1] 1000
INFO [2022-07-14 14:11:49] 
INFO [2022-07-14 14:11:49] $resolution
INFO [2022-07-14 14:11:49] [1] 300
INFO [2022-07-14 14:11:49] 
INFO [2022-07-14 14:11:49] $imagetype
INFO [2022-07-14 14:11:49] [1] "png"
INFO [2022-07-14 14:11:49] 
INFO [2022-07-14 14:11:49] $col
INFO [2022-07-14 14:11:49] [1] "transparent"
INFO [2022-07-14 14:11:49] 
INFO [2022-07-14 14:11:49] $fill
INFO [2022-07-14 14:11:49] c("blue", "red")
INFO [2022-07-14 14:11:49] 
INFO [2022-07-14 14:11:49] $alpha
INFO [2022-07-14 14:11:49] [1] 0.5
INFO [2022-07-14 14:11:49] 
INFO [2022-07-14 14:11:49] $cex
INFO [2022-07-14 14:11:49] [1] 0.45
INFO [2022-07-14 14:11:49] 
INFO [2022-07-14 14:11:49] $cat.cex
INFO [2022-07-14 14:11:49] [1] 0.45
INFO [2022-07-14 14:11:49] 
