INFO [2022-07-11 10:14:43] $x
INFO [2022-07-11 10:14:43] list(s288c_biocyc = s288c_biocyc, s288c_kegg = s288c_kegg)
INFO [2022-07-11 10:14:43] 
INFO [2022-07-11 10:14:43] $filename
INFO [2022-07-11 10:14:43] [1] "result/original_rxns_of_s288c_reactions in biocyc and kegg.png"
INFO [2022-07-11 10:14:43] 
INFO [2022-07-11 10:14:43] $height
INFO [2022-07-11 10:14:43] [1] 1000
INFO [2022-07-11 10:14:43] 
INFO [2022-07-11 10:14:43] $width
INFO [2022-07-11 10:14:43] [1] 1000
INFO [2022-07-11 10:14:43] 
INFO [2022-07-11 10:14:43] $resolution
INFO [2022-07-11 10:14:43] [1] 300
INFO [2022-07-11 10:14:43] 
INFO [2022-07-11 10:14:43] $imagetype
INFO [2022-07-11 10:14:43] [1] "png"
INFO [2022-07-11 10:14:43] 
INFO [2022-07-11 10:14:43] $col
INFO [2022-07-11 10:14:43] [1] "transparent"
INFO [2022-07-11 10:14:43] 
INFO [2022-07-11 10:14:43] $fill
INFO [2022-07-11 10:14:43] c("blue", "red")
INFO [2022-07-11 10:14:43] 
INFO [2022-07-11 10:14:43] $alpha
INFO [2022-07-11 10:14:43] [1] 0.5
INFO [2022-07-11 10:14:43] 
INFO [2022-07-11 10:14:43] $cex
INFO [2022-07-11 10:14:43] [1] 0.45
INFO [2022-07-11 10:14:43] 
INFO [2022-07-11 10:14:43] $cat.cex
INFO [2022-07-11 10:14:43] [1] 0.45
INFO [2022-07-11 10:14:43] 
