INFO [2022-07-11 10:21:39] $x
INFO [2022-07-11 10:21:39] list(s288c_biocyc = s288c_biocyc, s288c_kegg = s288c_kegg)
INFO [2022-07-11 10:21:39] 
INFO [2022-07-11 10:21:39] $filename
INFO [2022-07-11 10:21:39] [1] "result/original_rxns_of_s288c_reactions in biocyc and kegg.png"
INFO [2022-07-11 10:21:39] 
INFO [2022-07-11 10:21:39] $height
INFO [2022-07-11 10:21:39] [1] 1000
INFO [2022-07-11 10:21:39] 
INFO [2022-07-11 10:21:39] $width
INFO [2022-07-11 10:21:39] [1] 1000
INFO [2022-07-11 10:21:39] 
INFO [2022-07-11 10:21:39] $resolution
INFO [2022-07-11 10:21:39] [1] 300
INFO [2022-07-11 10:21:39] 
INFO [2022-07-11 10:21:39] $imagetype
INFO [2022-07-11 10:21:39] [1] "png"
INFO [2022-07-11 10:21:39] 
INFO [2022-07-11 10:21:39] $col
INFO [2022-07-11 10:21:39] [1] "transparent"
INFO [2022-07-11 10:21:39] 
INFO [2022-07-11 10:21:39] $fill
INFO [2022-07-11 10:21:39] c("blue", "red")
INFO [2022-07-11 10:21:39] 
INFO [2022-07-11 10:21:39] $alpha
INFO [2022-07-11 10:21:39] [1] 0.5
INFO [2022-07-11 10:21:39] 
INFO [2022-07-11 10:21:39] $cex
INFO [2022-07-11 10:21:39] [1] 0.45
INFO [2022-07-11 10:21:39] 
INFO [2022-07-11 10:21:39] $cat.cex
INFO [2022-07-11 10:21:39] [1] 0.45
INFO [2022-07-11 10:21:39] 
