INFO [2022-07-14 14:11:38] $x
INFO [2022-07-14 14:11:38] list(panYeast_33 = rxn_aybraham, panYeast343 = rxn_pan_03_30)
INFO [2022-07-14 14:11:38] 
INFO [2022-07-14 14:11:38] $filename
INFO [2022-07-14 14:11:38] [1] "result/rxn comparison of different panYeast.png"
INFO [2022-07-14 14:11:38] 
INFO [2022-07-14 14:11:38] $height
INFO [2022-07-14 14:11:38] [1] 1000
INFO [2022-07-14 14:11:38] 
INFO [2022-07-14 14:11:38] $width
INFO [2022-07-14 14:11:38] [1] 1000
INFO [2022-07-14 14:11:38] 
INFO [2022-07-14 14:11:38] $resolution
INFO [2022-07-14 14:11:38] [1] 300
INFO [2022-07-14 14:11:38] 
INFO [2022-07-14 14:11:38] $imagetype
INFO [2022-07-14 14:11:38] [1] "png"
INFO [2022-07-14 14:11:38] 
INFO [2022-07-14 14:11:38] $col
INFO [2022-07-14 14:11:38] [1] "transparent"
INFO [2022-07-14 14:11:38] 
INFO [2022-07-14 14:11:38] $fill
INFO [2022-07-14 14:11:38] c("blue", "red")
INFO [2022-07-14 14:11:38] 
INFO [2022-07-14 14:11:38] $alpha
INFO [2022-07-14 14:11:38] [1] 0.5
INFO [2022-07-14 14:11:38] 
INFO [2022-07-14 14:11:38] $cex
INFO [2022-07-14 14:11:38] [1] 0.45
INFO [2022-07-14 14:11:38] 
INFO [2022-07-14 14:11:38] $cat.cex
INFO [2022-07-14 14:11:38] [1] 0.45
INFO [2022-07-14 14:11:38] 
